<?xml version="1.0" encoding="UTF-8"?>
<!-- Generated by org.testng.reporters.JUnitReportReporter -->
<testsuite hostname="DESKTOP-2SEOHB6" failures="0" tests="1" name="TestCases.TCC001_AccountRegisterPage" time="1.382" errors="0" timestamp="2024-11-11T04:00:01 GMT-08:00" skipped="0">
  <testcase classname="TestCases.TCC001_AccountRegisterPage" name="TestRegister" time="1.382"/>
</testsuite> <!-- TestCases.TCC001_AccountRegisterPage -->
