<?xml version="1.0" encoding="UTF-8"?>
<!-- Generated by org.testng.reporters.JUnitReportReporter -->
<testsuite hostname="DESKTOP-2SEOHB6" failures="0" tests="3" name="TestCases.TC002_LoginTest" time="5.843" errors="0" timestamp="2024-11-11T04:00:01 GMT-08:00" skipped="0">
  <testcase classname="TestCases.TC002_LoginTest" name="LoginTest" time="0.917"/>
  <testcase classname="TestCases.TC002_LoginTest" name="LoginTest" time="3.087"/>
  <testcase classname="TestCases.TC002_LoginTest" name="LoginTest" time="1.839"/>
</testsuite> <!-- TestCases.TC002_LoginTest -->
