<?xml version="1.0" encoding="UTF-8"?>
<!-- Generated by org.testng.reporters.JUnitReportReporter -->
<testsuite hostname="DESKTOP-2SEOHB6" failures="0" tests="1" name="TestCases.TC003_SearchBox_Testing" time="18.769" errors="0" timestamp="2024-11-11T04:00:01 GMT-08:00" skipped="0">
  <testcase classname="TestCases.TC003_SearchBox_Testing" name="Test_SearchBox" time="18.769"/>
</testsuite> <!-- TestCases.TC003_SearchBox_Testing -->
