<?xml version="1.0" encoding="UTF-8"?>
<!-- Generated by org.testng.reporters.JUnitReportReporter -->
<testsuite hostname="DESKTOP-2SEOHB6" failures="0" tests="1" name="TestCases.TC004_Verify_ElementPage" time="19.691" errors="0" timestamp="2024-11-11T05:10:55 GMT-08:00" skipped="0">
  <testcase classname="TestCases.TC004_Verify_ElementPage" name="Test_Element" time="19.691"/>
</testsuite> <!-- TestCases.TC004_Verify_ElementPage -->
